23:35:04.417 [TestNG-tests-2] INFO  testCases.TC001_AccountRegistrationTest - Validating the expected message..
23:35:04.469 [TestNG-tests-1] INFO  testCases.TC001_AccountRegistrationTest - Validating the expected message..
23:35:04.587 [TestNG-tests-2] INFO  testCases.TC001_AccountRegistrationTest - **** TC001_AccountRegistrationTest is Finished ****
23:35:04.595 [TestNG-tests-1] INFO  testCases.TC001_AccountRegistrationTest - **** TC001_AccountRegistrationTest is Finished ****
23:35:10.118 [TestNG-tests-3] INFO  testCases.TC001_AccountRegistrationTest - Validating the expected message..
23:35:10.341 [TestNG-tests-3] INFO  testCases.TC001_AccountRegistrationTest - **** TC001_AccountRegistrationTest is Finished ****
23:58:13.398 [main] INFO  org.testng.internal.Utils - [TestNG] Running:
  D:\Hrutwik\Workspace\Opencart_V155\master.xml

23:58:37.308 [main] INFO  org.testng.internal.Utils - [TestNG] Running:
  D:\Hrutwik\Workspace\Opencart_V155\master.xml

23:59:29.869 [main] INFO  org.testng.internal.Utils - [TestNG] Running:
  D:\Hrutwik\Workspace\Opencart_V155\master.xml

00:00:09.872 [main] INFO  org.testng.internal.Utils - [TestNG] Running:
  D:\Hrutwik\Workspace\Opencart_V155\master.xml

00:00:28.771 [main] INFO  org.testng.internal.Utils - [TestNG] Running:
  D:\Hrutwik\Workspace\Opencart_V155\master.xml

00:03:21.380 [main] INFO  org.testng.internal.Utils - [TestNG] Running:
  D:\Hrutwik\Workspace\Opencart_V155\master.xml

00:03:25.742 [main] INFO  testCases.TC001_AccountRegistrationTest - **** TC001_AccountRegistrationTest is Started ****
00:03:25.766 [main] INFO  testCases.TC001_AccountRegistrationTest - Clicked on My Account link..
00:03:25.889 [main] INFO  testCases.TC001_AccountRegistrationTest - Clicked on Register link..
00:03:26.374 [main] INFO  testCases.TC001_AccountRegistrationTest - Providing Customer Details..
00:03:28.555 [main] INFO  testCases.TC001_AccountRegistrationTest - Validating the expected message..
00:03:28.592 [main] INFO  testCases.TC001_AccountRegistrationTest - **** TC001_AccountRegistrationTest is Finished ****
20:50:30.965 [main] INFO  org.testng.internal.Utils - [TestNG] Running:
  D:\Hrutwik\Workspace\Opencart_V155\master.xml

20:51:25.765 [main] INFO  org.testng.internal.Utils - [TestNG] Running:
  D:\Hrutwik\Workspace\Opencart_V155\master.xml

20:51:33.789 [main] INFO  testCases.TC002_LoginTest - **** Starting TC_002_Login Test ****
20:51:33.814 [main] INFO  testCases.TC002_LoginTest - Clicked on My Account link..
20:51:34.283 [main] INFO  testCases.TC002_LoginTest - Providing user account details..
20:51:36.311 [main] INFO  testCases.TC002_LoginTest - Validating My Account Heading is displayed or not..
20:51:36.348 [main] INFO  testCases.TC002_LoginTest - **** Finished TC_002_Login Test ****
20:57:00.136 [main] INFO  org.testng.internal.Utils - [TestNG] Running:
  D:\Hrutwik\Workspace\Opencart_V155\master.xml

20:57:04.198 [main] INFO  testCases.TC002_LoginTest - **** Starting TC_002_Login Test ****
20:57:04.220 [main] INFO  testCases.TC002_LoginTest - Clicked on My Account link..
20:57:04.759 [main] INFO  testCases.TC002_LoginTest - Providing user account details..
20:57:04.985 [main] INFO  testCases.TC002_LoginTest - Validating My Account Heading is displayed or not..
20:57:06.729 [main] INFO  testCases.TC002_LoginTest - **** Finished TC_002_Login Test ****
20:57:15.918 [main] INFO  org.testng.internal.Utils - [TestNG] Running:
  D:\Hrutwik\Workspace\Opencart_V155\master.xml

20:57:18.403 [main] INFO  testCases.TC002_LoginTest - **** Starting TC_002_Login Test ****
20:57:18.421 [main] INFO  testCases.TC002_LoginTest - Clicked on My Account link..
20:57:18.839 [main] INFO  testCases.TC002_LoginTest - Providing user account details..
20:57:19.048 [main] INFO  testCases.TC002_LoginTest - Validating My Account Heading is displayed or not..
20:57:19.962 [main] INFO  testCases.TC002_LoginTest - **** Finished TC_002_Login Test ****
00:21:05.591 [main] INFO  org.testng.internal.Utils - [TestNG] Running:
  D:\Hrutwik\Workspace\Opencart_V155\master.xml

00:21:14.604 [main] INFO  testCases.TC003_LoginDDT - **** Starting TC_003_LoginDDT ****
00:21:14.661 [main] INFO  testCases.TC003_LoginDDT - Clicked on My Account link..
00:21:15.350 [main] INFO  testCases.TC003_LoginDDT - Providing DDT user account details..
00:21:17.418 [main] INFO  testCases.TC003_LoginDDT - **** Finished TC_003_LoginDDT ****
00:21:17.432 [main] INFO  testCases.TC003_LoginDDT - **** Starting TC_003_LoginDDT ****
00:21:17.432 [main] INFO  testCases.TC003_LoginDDT - Clicked on My Account link..
00:21:17.980 [main] INFO  testCases.TC003_LoginDDT - Providing DDT user account details..
00:21:19.792 [main] INFO  testCases.TC003_LoginDDT - **** Starting TC_003_LoginDDT ****
00:21:19.796 [main] INFO  testCases.TC003_LoginDDT - Clicked on My Account link..
00:21:20.338 [main] INFO  testCases.TC003_LoginDDT - Providing DDT user account details..
00:21:22.515 [main] INFO  testCases.TC003_LoginDDT - **** Starting TC_003_LoginDDT ****
