23:24:40.099 [main] INFO  org.testng.internal.Utils - [TestNG] Running:
  D:\Hrutwik\Workspace\Opencart_V155\master.xml

23:24:43.789 [main] INFO  testCases.TC001_AccountRegistrationTest - **** TC001_AccountRegistrationTest is Started ****
23:24:43.816 [main] INFO  testCases.TC001_AccountRegistrationTest - Clicked on My Account link..
23:24:43.961 [main] INFO  testCases.TC001_AccountRegistrationTest - Clicked on Register link..
23:24:44.607 [main] INFO  testCases.TC001_AccountRegistrationTest - Providing Customer Details..
23:24:46.649 [main] INFO  testCases.TC001_AccountRegistrationTest - Validating the expected message..
23:24:46.709 [main] INFO  testCases.TC001_AccountRegistrationTest - **** TC001_AccountRegistrationTest is Finished ****
23:25:12.595 [main] INFO  org.testng.internal.Utils - [TestNG] Running:
  D:\Hrutwik\Workspace\Opencart_V155\master.xml

23:25:16.351 [main] INFO  testCases.TC001_AccountRegistrationTest - **** TC001_AccountRegistrationTest is Started ****
23:25:16.390 [main] INFO  testCases.TC001_AccountRegistrationTest - Clicked on My Account link..
23:25:16.617 [main] INFO  testCases.TC001_AccountRegistrationTest - Clicked on Register link..
23:25:17.292 [main] INFO  testCases.TC001_AccountRegistrationTest - Providing Customer Details..
23:25:18.295 [main] INFO  testCases.TC001_AccountRegistrationTest - Validating the expected message..
23:25:19.769 [main] INFO  testCases.TC001_AccountRegistrationTest - **** TC001_AccountRegistrationTest is Finished ****
23:30:29.025 [main] INFO  org.testng.internal.Utils - [TestNG] Running:
  D:\Hrutwik\Workspace\Opencart_V155\crossbrowsertesting.xml

23:30:33.389 [main] INFO  testCases.TC001_AccountRegistrationTest - **** TC001_AccountRegistrationTest is Started ****
23:30:33.429 [main] INFO  testCases.TC001_AccountRegistrationTest - Clicked on My Account link..
23:30:33.618 [main] INFO  testCases.TC001_AccountRegistrationTest - Clicked on Register link..
23:30:34.644 [main] INFO  testCases.TC001_AccountRegistrationTest - Providing Customer Details..
23:30:37.542 [main] INFO  testCases.TC001_AccountRegistrationTest - Validating the expected message..
23:30:37.586 [main] INFO  testCases.TC001_AccountRegistrationTest - **** TC001_AccountRegistrationTest is Finished ****
23:30:41.547 [main] INFO  testCases.TC001_AccountRegistrationTest - **** TC001_AccountRegistrationTest is Started ****
23:30:41.547 [main] INFO  testCases.TC001_AccountRegistrationTest - Clicked on My Account link..
23:30:41.732 [main] INFO  testCases.TC001_AccountRegistrationTest - Clicked on Register link..
23:30:42.319 [main] INFO  testCases.TC001_AccountRegistrationTest - Providing Customer Details..
23:30:44.307 [main] INFO  testCases.TC001_AccountRegistrationTest - Validating the expected message..
23:30:44.349 [main] INFO  testCases.TC001_AccountRegistrationTest - **** TC001_AccountRegistrationTest is Finished ****
23:30:57.105 [main] INFO  testCases.TC001_AccountRegistrationTest - **** TC001_AccountRegistrationTest is Started ****
23:30:57.105 [main] INFO  testCases.TC001_AccountRegistrationTest - Clicked on My Account link..
23:30:57.228 [main] INFO  testCases.TC001_AccountRegistrationTest - Clicked on Register link..
23:30:57.687 [main] INFO  testCases.TC001_AccountRegistrationTest - Providing Customer Details..
23:30:59.363 [main] INFO  testCases.TC001_AccountRegistrationTest - Validating the expected message..
23:30:59.393 [main] INFO  testCases.TC001_AccountRegistrationTest - **** TC001_AccountRegistrationTest is Finished ****
23:34:54.591 [main] INFO  org.testng.internal.Utils - [TestNG] Running:
  D:\Hrutwik\Workspace\Opencart_V155\crossbrowsertesting.xml

23:34:58.504 [TestNG-tests-1] INFO  testCases.TC001_AccountRegistrationTest - **** TC001_AccountRegistrationTest is Started ****
23:34:58.535 [TestNG-tests-1] INFO  testCases.TC001_AccountRegistrationTest - Clicked on My Account link..
23:34:58.591 [TestNG-tests-2] INFO  testCases.TC001_AccountRegistrationTest - **** TC001_AccountRegistrationTest is Started ****
23:34:58.591 [TestNG-tests-2] INFO  testCases.TC001_AccountRegistrationTest - Clicked on My Account link..
23:34:58.952 [TestNG-tests-2] INFO  testCases.TC001_AccountRegistrationTest - Clicked on Register link..
23:34:59.107 [TestNG-tests-1] INFO  testCases.TC001_AccountRegistrationTest - Clicked on Register link..
23:34:59.905 [TestNG-tests-2] INFO  testCases.TC001_AccountRegistrationTest - Providing Customer Details..
23:34:59.962 [TestNG-tests-1] INFO  testCases.TC001_AccountRegistrationTest - Providing Customer Details..
23:35:03.207 [TestNG-tests-3] INFO  testCases.TC001_AccountRegistrationTest - **** TC001_AccountRegistrationTest is Started ****
23:35:03.207 [TestNG-tests-3] INFO  testCases.TC001_AccountRegistrationTest - Clicked on My Account link..
23:35:03.439 [TestNG-tests-3] INFO  testCases.TC001_AccountRegistrationTest - Clicked on Register link..
23:35:04.248 [TestNG-tests-3] INFO  testCases.TC001_AccountRegistrationTest - Providing Customer Details..
