23:54:17.746 [main] INFO  testCases.TC001_AccountRegistrationTest - **** TC001_AccountRegistrationTest is Finished ****
23:54:20.139 [main] INFO  testCases.TC002_LoginTest - **** Starting TC_002_Login Test ****
23:54:20.140 [main] INFO  testCases.TC002_LoginTest - Clicked on My Account link..
23:54:20.645 [main] INFO  testCases.TC002_LoginTest - Providing user account details..
23:54:22.741 [main] INFO  testCases.TC002_LoginTest - Validating My Account Heading is displayed or not..
23:54:22.874 [main] INFO  testCases.TC002_LoginTest - **** Finished TC_002_Login Test ****
23:56:00.258 [main] INFO  org.testng.internal.Utils - [TestNG] Running:
  D:\Hrutwik\Workspace\Opencart_V155\grid-docker.xml

23:56:04.283 [main] INFO  testCases.TC001_AccountRegistrationTest - **** TC001_AccountRegistrationTest is Started ****
23:56:04.317 [main] INFO  testCases.TC001_AccountRegistrationTest - Clicked on My Account link..
23:56:04.506 [main] INFO  testCases.TC001_AccountRegistrationTest - Clicked on Register link..
23:56:05.209 [main] INFO  testCases.TC001_AccountRegistrationTest - Providing Customer Details..
23:56:08.828 [main] INFO  testCases.TC001_AccountRegistrationTest - Validating the expected message..
23:56:08.899 [main] INFO  testCases.TC001_AccountRegistrationTest - **** TC001_AccountRegistrationTest is Finished ****
23:56:11.416 [main] INFO  testCases.TC002_LoginTest - **** Starting TC_002_Login Test ****
23:56:11.418 [main] INFO  testCases.TC002_LoginTest - Clicked on My Account link..
23:56:12.049 [main] INFO  testCases.TC002_LoginTest - Providing user account details..
23:56:15.259 [main] INFO  testCases.TC002_LoginTest - Validating My Account Heading is displayed or not..
23:56:15.350 [main] INFO  testCases.TC002_LoginTest - **** Finished TC_002_Login Test ****
23:56:23.503 [main] INFO  testCases.TC001_AccountRegistrationTest - **** TC001_AccountRegistrationTest is Started ****
23:56:23.506 [main] INFO  testCases.TC001_AccountRegistrationTest - Clicked on My Account link..
23:56:23.796 [main] INFO  testCases.TC001_AccountRegistrationTest - Clicked on Register link..
23:56:24.699 [main] INFO  testCases.TC001_AccountRegistrationTest - Providing Customer Details..
23:56:26.704 [main] INFO  testCases.TC001_AccountRegistrationTest - Validating the expected message..
23:56:26.763 [main] INFO  testCases.TC001_AccountRegistrationTest - **** TC001_AccountRegistrationTest is Finished ****
23:56:32.791 [main] INFO  testCases.TC002_LoginTest - **** Starting TC_002_Login Test ****
23:56:32.794 [main] INFO  testCases.TC002_LoginTest - Clicked on My Account link..
23:56:33.476 [main] INFO  testCases.TC002_LoginTest - Providing user account details..
23:56:34.963 [main] INFO  testCases.TC002_LoginTest - Validating My Account Heading is displayed or not..
23:56:35.027 [main] INFO  testCases.TC002_LoginTest - **** Finished TC_002_Login Test ****
00:22:02.219 [main] INFO  org.testng.internal.Utils - [TestNG] Running:
  D:\Hrutwik\Workspace\Opencart_V155\grid-docker.xml

00:22:10.240 [main] INFO  testCases.TC001_AccountRegistrationTest - **** TC001_AccountRegistrationTest is Started ****
00:22:10.275 [main] INFO  testCases.TC001_AccountRegistrationTest - Clicked on My Account link..
00:22:10.454 [main] INFO  testCases.TC001_AccountRegistrationTest - Clicked on Register link..
00:22:11.145 [main] INFO  testCases.TC001_AccountRegistrationTest - Providing Customer Details..
00:22:14.079 [main] INFO  testCases.TC001_AccountRegistrationTest - Validating the expected message..
00:22:14.153 [main] INFO  testCases.TC001_AccountRegistrationTest - **** TC001_AccountRegistrationTest is Finished ****
00:22:16.860 [main] INFO  testCases.TC002_LoginTest - **** Starting TC_002_Login Test ****
00:22:16.861 [main] INFO  testCases.TC002_LoginTest - Clicked on My Account link..
00:22:17.716 [main] INFO  testCases.TC002_LoginTest - Providing user account details..
00:22:19.607 [main] INFO  testCases.TC002_LoginTest - Validating My Account Heading is displayed or not..
00:22:19.694 [main] INFO  testCases.TC002_LoginTest - **** Finished TC_002_Login Test ****
00:22:28.867 [main] INFO  testCases.TC001_AccountRegistrationTest - **** TC001_AccountRegistrationTest is Started ****
00:22:28.869 [main] INFO  testCases.TC001_AccountRegistrationTest - Clicked on My Account link..
00:22:29.105 [main] INFO  testCases.TC001_AccountRegistrationTest - Clicked on Register link..
00:22:29.880 [main] INFO  testCases.TC001_AccountRegistrationTest - Providing Customer Details..
00:22:32.197 [main] INFO  testCases.TC001_AccountRegistrationTest - Validating the expected message..
00:22:32.300 [main] INFO  testCases.TC001_AccountRegistrationTest - **** TC001_AccountRegistrationTest is Finished ****
00:22:38.145 [main] INFO  testCases.TC002_LoginTest - **** Starting TC_002_Login Test ****
00:22:38.146 [main] INFO  testCases.TC002_LoginTest - Clicked on My Account link..
00:22:38.741 [main] INFO  testCases.TC002_LoginTest - Providing user account details..
